<?xml version="1.0" encoding="UTF-8"?>
<testng-results ignored="0" total="1" passed="1" failed="0" skipped="0">
  <reporter-output>
  </reporter-output>
  <suite started-at="2018-11-10T23:11:19Z" name="Default suite" finished-at="2018-11-10T23:11:23Z" duration-ms="4140">
    <groups>
      <group name="cucumber">
        <method signature="AbstractTestNGCucumberTests.feature(cucumber.api.testng.CucumberFeatureWrapper)[pri:0, instance:cukes_runners.AllApiTestsRunner@6236eb5f]" name="feature" class="cucumber.api.testng.AbstractTestNGCucumberTests"/>
      </group> <!-- cucumber -->
    </groups>
    <test started-at="2018-11-10T23:11:19Z" name="Default test" finished-at="2018-11-10T23:11:23Z" duration-ms="4140">
      <class name="cukes_runners.AllApiTestsRunner">
        <test-method is-config="true" signature="setUpClass()[pri:0, instance:cukes_runners.AllApiTestsRunner@6236eb5f]" started-at="2018-11-10T23:11:19Z" name="setUpClass" finished-at="2018-11-10T23:11:19Z" duration-ms="249" status="PASS">
          <reporter-output>
          </reporter-output>
        </test-method> <!-- setUpClass -->
        <test-method signature="feature(cucumber.api.testng.CucumberFeatureWrapper)[pri:0, instance:cukes_runners.AllApiTestsRunner@6236eb5f]" started-at="2018-11-10T23:11:19Z" name="feature" description="Runs Cucumber Feature" data-provider="features" finished-at="2018-11-10T23:11:23Z" duration-ms="3726" status="PASS">
          <params>
            <param index="0">
              <value>
                <![CDATA[GitHub search engine of repositories]]>
              </value>
            </param>
          </params>
          <reporter-output>
          </reporter-output>
        </test-method> <!-- feature -->
        <test-method is-config="true" signature="tearDownClass()[pri:0, instance:cukes_runners.AllApiTestsRunner@6236eb5f]" started-at="2018-11-10T23:11:23Z" name="tearDownClass" finished-at="2018-11-10T23:11:23Z" duration-ms="62" status="PASS">
          <reporter-output>
          </reporter-output>
        </test-method> <!-- tearDownClass -->
      </class> <!-- cukes_runners.AllApiTestsRunner -->
    </test> <!-- Default test -->
  </suite> <!-- Default suite -->
</testng-results>
